[2021-07-07 07:10:49] local.ERROR: SQLSTATE[HY000]: General error: 1824 Failed to open the referenced table 'singers' (SQL: alter table `songs` add constraint `songs_singer_id_foreign` foreign key (`singer_id`) references `singers` (`id`)) {"exception":"[object] (Illuminate\\Database\\QueryException(code: HY000): SQLSTATE[HY000]: General error: 1824 Failed to open the referenced table 'singers' (SQL: alter table `songs` add constraint `songs_singer_id_foreign` foreign key (`singer_id`) references `singers` (`id`)) at /var/www/laravel8/Angular-Project-TDT-Music-2021/backend_api_web_nghe_nhac/vendor/laravel/framework/src/Illuminate/Database/Connection.php:692)
[stacktrace]
#0 /var/www/laravel8/Angular-Project-TDT-Music-2021/backend_api_web_nghe_nhac/vendor/laravel/framework/src/Illuminate/Database/Connection.php(652): Illuminate\\Database\\Connection->runQueryCallback()
#1 /var/www/laravel8/Angular-Project-TDT-Music-2021/backend_api_web_nghe_nhac/vendor/laravel/framework/src/Illuminate/Database/Connection.php(486): Illuminate\\Database\\Connection->run()
#2 /var/www/laravel8/Angular-Project-TDT-Music-2021/backend_api_web_nghe_nhac/vendor/laravel/framework/src/Illuminate/Database/Schema/Blueprint.php(109): Illuminate\\Database\\Connection->statement()
#3 /var/www/laravel8/Angular-Project-TDT-Music-2021/backend_api_web_nghe_nhac/vendor/laravel/framework/src/Illuminate/Database/Schema/Builder.php(365): Illuminate\\Database\\Schema\\Blueprint->build()
#4 /var/www/laravel8/Angular-Project-TDT-Music-2021/backend_api_web_nghe_nhac/vendor/laravel/framework/src/Illuminate/Database/Schema/Builder.php(228): Illuminate\\Database\\Schema\\Builder->build()
#5 /var/www/laravel8/Angular-Project-TDT-Music-2021/backend_api_web_nghe_nhac/vendor/laravel/framework/src/Illuminate/Support/Facades/Facade.php(261): Illuminate\\Database\\Schema\\Builder->create()
#6 /var/www/laravel8/Angular-Project-TDT-Music-2021/backend_api_web_nghe_nhac/database/migrations/2021_07_07_023555_create_songs_table.php(30): Illuminate\\Support\\Facades\\Facade::__callStatic()
#7 /var/www/laravel8/Angular-Project-TDT-Music-2021/backend_api_web_nghe_nhac/vendor/laravel/framework/src/Illuminate/Database/Migrations/Migrator.php(394): CreateSongsTable->up()
#8 /var/www/laravel8/Angular-Project-TDT-Music-2021/backend_api_web_nghe_nhac/vendor/laravel/framework/src/Illuminate/Database/Migrations/Migrator.php(403): Illuminate\\Database\\Migrations\\Migrator->Illuminate\\Database\\Migrations\\{closure}()
#9 /var/www/laravel8/Angular-Project-TDT-Music-2021/backend_api_web_nghe_nhac/vendor/laravel/framework/src/Illuminate/Database/Migrations/Migrator.php(202): Illuminate\\Database\\Migrations\\Migrator->runMigration()
#10 /var/www/laravel8/Angular-Project-TDT-Music-2021/backend_api_web_nghe_nhac/vendor/laravel/framework/src/Illuminate/Database/Migrations/Migrator.php(167): Illuminate\\Database\\Migrations\\Migrator->runUp()
#11 /var/www/laravel8/Angular-Project-TDT-Music-2021/backend_api_web_nghe_nhac/vendor/laravel/framework/src/Illuminate/Database/Migrations/Migrator.php(112): Illuminate\\Database\\Migrations\\Migrator->runPending()
#12 /var/www/laravel8/Angular-Project-TDT-Music-2021/backend_api_web_nghe_nhac/vendor/laravel/framework/src/Illuminate/Database/Console/Migrations/MigrateCommand.php(85): Illuminate\\Database\\Migrations\\Migrator->run()
#13 /var/www/laravel8/Angular-Project-TDT-Music-2021/backend_api_web_nghe_nhac/vendor/laravel/framework/src/Illuminate/Database/Migrations/Migrator.php(585): Illuminate\\Database\\Console\\Migrations\\MigrateCommand->Illuminate\\Database\\Console\\Migrations\\{closure}()
#14 /var/www/laravel8/Angular-Project-TDT-Music-2021/backend_api_web_nghe_nhac/vendor/laravel/framework/src/Illuminate/Database/Console/Migrations/MigrateCommand.php(94): Illuminate\\Database\\Migrations\\Migrator->usingConnection()
#15 /var/www/laravel8/Angular-Project-TDT-Music-2021/backend_api_web_nghe_nhac/vendor/laravel/framework/src/Illuminate/Container/BoundMethod.php(36): Illuminate\\Database\\Console\\Migrations\\MigrateCommand->handle()
#16 /var/www/laravel8/Angular-Project-TDT-Music-2021/backend_api_web_nghe_nhac/vendor/laravel/framework/src/Illuminate/Container/Util.php(40): Illuminate\\Container\\BoundMethod::Illuminate\\Container\\{closure}()
#17 /var/www/laravel8/Angular-Project-TDT-Music-2021/backend_api_web_nghe_nhac/vendor/laravel/framework/src/Illuminate/Container/BoundMethod.php(93): Illuminate\\Container\\Util::unwrapIfClosure()
#18 /var/www/laravel8/Angular-Project-TDT-Music-2021/backend_api_web_nghe_nhac/vendor/laravel/framework/src/Illuminate/Container/BoundMethod.php(37): Illuminate\\Container\\BoundMethod::callBoundMethod()
#19 /var/www/laravel8/Angular-Project-TDT-Music-2021/backend_api_web_nghe_nhac/vendor/laravel/framework/src/Illuminate/Container/Container.php(651): Illuminate\\Container\\BoundMethod::call()
#20 /var/www/laravel8/Angular-Project-TDT-Music-2021/backend_api_web_nghe_nhac/vendor/laravel/framework/src/Illuminate/Console/Command.php(136): Illuminate\\Container\\Container->call()
#21 /var/www/laravel8/Angular-Project-TDT-Music-2021/backend_api_web_nghe_nhac/vendor/symfony/console/Command/Command.php(299): Illuminate\\Console\\Command->execute()
#22 /var/www/laravel8/Angular-Project-TDT-Music-2021/backend_api_web_nghe_nhac/vendor/laravel/framework/src/Illuminate/Console/Command.php(121): Symfony\\Component\\Console\\Command\\Command->run()
#23 /var/www/laravel8/Angular-Project-TDT-Music-2021/backend_api_web_nghe_nhac/vendor/symfony/console/Application.php(978): Illuminate\\Console\\Command->run()
#24 /var/www/laravel8/Angular-Project-TDT-Music-2021/backend_api_web_nghe_nhac/vendor/symfony/console/Application.php(295): Symfony\\Component\\Console\\Application->doRunCommand()
#25 /var/www/laravel8/Angular-Project-TDT-Music-2021/backend_api_web_nghe_nhac/vendor/symfony/console/Application.php(167): Symfony\\Component\\Console\\Application->doRun()
#26 /var/www/laravel8/Angular-Project-TDT-Music-2021/backend_api_web_nghe_nhac/vendor/laravel/framework/src/Illuminate/Console/Application.php(92): Symfony\\Component\\Console\\Application->run()
#27 /var/www/laravel8/Angular-Project-TDT-Music-2021/backend_api_web_nghe_nhac/vendor/laravel/framework/src/Illuminate/Foundation/Console/Kernel.php(129): Illuminate\\Console\\Application->run()
#28 /var/www/laravel8/Angular-Project-TDT-Music-2021/backend_api_web_nghe_nhac/artisan(37): Illuminate\\Foundation\\Console\\Kernel->handle()
#29 {main}

[previous exception] [object] (PDOException(code: HY000): SQLSTATE[HY000]: General error: 1824 Failed to open the referenced table 'singers' at /var/www/laravel8/Angular-Project-TDT-Music-2021/backend_api_web_nghe_nhac/vendor/laravel/framework/src/Illuminate/Database/Connection.php:485)
[stacktrace]
#0 /var/www/laravel8/Angular-Project-TDT-Music-2021/backend_api_web_nghe_nhac/vendor/laravel/framework/src/Illuminate/Database/Connection.php(485): PDOStatement->execute()
#1 /var/www/laravel8/Angular-Project-TDT-Music-2021/backend_api_web_nghe_nhac/vendor/laravel/framework/src/Illuminate/Database/Connection.php(685): Illuminate\\Database\\Connection->Illuminate\\Database\\{closure}()
#2 /var/www/laravel8/Angular-Project-TDT-Music-2021/backend_api_web_nghe_nhac/vendor/laravel/framework/src/Illuminate/Database/Connection.php(652): Illuminate\\Database\\Connection->runQueryCallback()
#3 /var/www/laravel8/Angular-Project-TDT-Music-2021/backend_api_web_nghe_nhac/vendor/laravel/framework/src/Illuminate/Database/Connection.php(486): Illuminate\\Database\\Connection->run()
#4 /var/www/laravel8/Angular-Project-TDT-Music-2021/backend_api_web_nghe_nhac/vendor/laravel/framework/src/Illuminate/Database/Schema/Blueprint.php(109): Illuminate\\Database\\Connection->statement()
#5 /var/www/laravel8/Angular-Project-TDT-Music-2021/backend_api_web_nghe_nhac/vendor/laravel/framework/src/Illuminate/Database/Schema/Builder.php(365): Illuminate\\Database\\Schema\\Blueprint->build()
#6 /var/www/laravel8/Angular-Project-TDT-Music-2021/backend_api_web_nghe_nhac/vendor/laravel/framework/src/Illuminate/Database/Schema/Builder.php(228): Illuminate\\Database\\Schema\\Builder->build()
#7 /var/www/laravel8/Angular-Project-TDT-Music-2021/backend_api_web_nghe_nhac/vendor/laravel/framework/src/Illuminate/Support/Facades/Facade.php(261): Illuminate\\Database\\Schema\\Builder->create()
#8 /var/www/laravel8/Angular-Project-TDT-Music-2021/backend_api_web_nghe_nhac/database/migrations/2021_07_07_023555_create_songs_table.php(30): Illuminate\\Support\\Facades\\Facade::__callStatic()
#9 /var/www/laravel8/Angular-Project-TDT-Music-2021/backend_api_web_nghe_nhac/vendor/laravel/framework/src/Illuminate/Database/Migrations/Migrator.php(394): CreateSongsTable->up()
#10 /var/www/laravel8/Angular-Project-TDT-Music-2021/backend_api_web_nghe_nhac/vendor/laravel/framework/src/Illuminate/Database/Migrations/Migrator.php(403): Illuminate\\Database\\Migrations\\Migrator->Illuminate\\Database\\Migrations\\{closure}()
#11 /var/www/laravel8/Angular-Project-TDT-Music-2021/backend_api_web_nghe_nhac/vendor/laravel/framework/src/Illuminate/Database/Migrations/Migrator.php(202): Illuminate\\Database\\Migrations\\Migrator->runMigration()
#12 /var/www/laravel8/Angular-Project-TDT-Music-2021/backend_api_web_nghe_nhac/vendor/laravel/framework/src/Illuminate/Database/Migrations/Migrator.php(167): Illuminate\\Database\\Migrations\\Migrator->runUp()
#13 /var/www/laravel8/Angular-Project-TDT-Music-2021/backend_api_web_nghe_nhac/vendor/laravel/framework/src/Illuminate/Database/Migrations/Migrator.php(112): Illuminate\\Database\\Migrations\\Migrator->runPending()
#14 /var/www/laravel8/Angular-Project-TDT-Music-2021/backend_api_web_nghe_nhac/vendor/laravel/framework/src/Illuminate/Database/Console/Migrations/MigrateCommand.php(85): Illuminate\\Database\\Migrations\\Migrator->run()
#15 /var/www/laravel8/Angular-Project-TDT-Music-2021/backend_api_web_nghe_nhac/vendor/laravel/framework/src/Illuminate/Database/Migrations/Migrator.php(585): Illuminate\\Database\\Console\\Migrations\\MigrateCommand->Illuminate\\Database\\Console\\Migrations\\{closure}()
#16 /var/www/laravel8/Angular-Project-TDT-Music-2021/backend_api_web_nghe_nhac/vendor/laravel/framework/src/Illuminate/Database/Console/Migrations/MigrateCommand.php(94): Illuminate\\Database\\Migrations\\Migrator->usingConnection()
#17 /var/www/laravel8/Angular-Project-TDT-Music-2021/backend_api_web_nghe_nhac/vendor/laravel/framework/src/Illuminate/Container/BoundMethod.php(36): Illuminate\\Database\\Console\\Migrations\\MigrateCommand->handle()
#18 /var/www/laravel8/Angular-Project-TDT-Music-2021/backend_api_web_nghe_nhac/vendor/laravel/framework/src/Illuminate/Container/Util.php(40): Illuminate\\Container\\BoundMethod::Illuminate\\Container\\{closure}()
#19 /var/www/laravel8/Angular-Project-TDT-Music-2021/backend_api_web_nghe_nhac/vendor/laravel/framework/src/Illuminate/Container/BoundMethod.php(93): Illuminate\\Container\\Util::unwrapIfClosure()
#20 /var/www/laravel8/Angular-Project-TDT-Music-2021/backend_api_web_nghe_nhac/vendor/laravel/framework/src/Illuminate/Container/BoundMethod.php(37): Illuminate\\Container\\BoundMethod::callBoundMethod()
#21 /var/www/laravel8/Angular-Project-TDT-Music-2021/backend_api_web_nghe_nhac/vendor/laravel/framework/src/Illuminate/Container/Container.php(651): Illuminate\\Container\\BoundMethod::call()
#22 /var/www/laravel8/Angular-Project-TDT-Music-2021/backend_api_web_nghe_nhac/vendor/laravel/framework/src/Illuminate/Console/Command.php(136): Illuminate\\Container\\Container->call()
#23 /var/www/laravel8/Angular-Project-TDT-Music-2021/backend_api_web_nghe_nhac/vendor/symfony/console/Command/Command.php(299): Illuminate\\Console\\Command->execute()
#24 /var/www/laravel8/Angular-Project-TDT-Music-2021/backend_api_web_nghe_nhac/vendor/laravel/framework/src/Illuminate/Console/Command.php(121): Symfony\\Component\\Console\\Command\\Command->run()
#25 /var/www/laravel8/Angular-Project-TDT-Music-2021/backend_api_web_nghe_nhac/vendor/symfony/console/Application.php(978): Illuminate\\Console\\Command->run()
#26 /var/www/laravel8/Angular-Project-TDT-Music-2021/backend_api_web_nghe_nhac/vendor/symfony/console/Application.php(295): Symfony\\Component\\Console\\Application->doRunCommand()
#27 /var/www/laravel8/Angular-Project-TDT-Music-2021/backend_api_web_nghe_nhac/vendor/symfony/console/Application.php(167): Symfony\\Component\\Console\\Application->doRun()
#28 /var/www/laravel8/Angular-Project-TDT-Music-2021/backend_api_web_nghe_nhac/vendor/laravel/framework/src/Illuminate/Console/Application.php(92): Symfony\\Component\\Console\\Application->run()
#29 /var/www/laravel8/Angular-Project-TDT-Music-2021/backend_api_web_nghe_nhac/vendor/laravel/framework/src/Illuminate/Foundation/Console/Kernel.php(129): Illuminate\\Console\\Application->run()
#30 /var/www/laravel8/Angular-Project-TDT-Music-2021/backend_api_web_nghe_nhac/artisan(37): Illuminate\\Foundation\\Console\\Kernel->handle()
#31 {main}
"} 
[2021-07-07 07:18:02] local.ERROR: SQLSTATE[42S01]: Base table or view already exists: 1050 Table 'songs' already exists (SQL: create table `songs` (`id` int unsigned not null auto_increment primary key, `song_name` varchar(255) not null, `description` text not null, `filename` varchar(255) not null, `image` varchar(255) not null, `musician` varchar(255) not null, `singer_id` int unsigned not null, `user_id` int unsigned not null, `genre` varchar(255) not null, `album` varchar(255) not null, `created_at` timestamp null, `updated_at` timestamp null) default character set utf8mb4 collate 'utf8mb4_unicode_ci') {"exception":"[object] (Illuminate\\Database\\QueryException(code: 42S01): SQLSTATE[42S01]: Base table or view already exists: 1050 Table 'songs' already exists (SQL: create table `songs` (`id` int unsigned not null auto_increment primary key, `song_name` varchar(255) not null, `description` text not null, `filename` varchar(255) not null, `image` varchar(255) not null, `musician` varchar(255) not null, `singer_id` int unsigned not null, `user_id` int unsigned not null, `genre` varchar(255) not null, `album` varchar(255) not null, `created_at` timestamp null, `updated_at` timestamp null) default character set utf8mb4 collate 'utf8mb4_unicode_ci') at /var/www/laravel8/Angular-Project-TDT-Music-2021/backend_api_web_nghe_nhac/vendor/laravel/framework/src/Illuminate/Database/Connection.php:692)
[stacktrace]
#0 /var/www/laravel8/Angular-Project-TDT-Music-2021/backend_api_web_nghe_nhac/vendor/laravel/framework/src/Illuminate/Database/Connection.php(652): Illuminate\\Database\\Connection->runQueryCallback()
#1 /var/www/laravel8/Angular-Project-TDT-Music-2021/backend_api_web_nghe_nhac/vendor/laravel/framework/src/Illuminate/Database/Connection.php(486): Illuminate\\Database\\Connection->run()
#2 /var/www/laravel8/Angular-Project-TDT-Music-2021/backend_api_web_nghe_nhac/vendor/laravel/framework/src/Illuminate/Database/Schema/Blueprint.php(109): Illuminate\\Database\\Connection->statement()
#3 /var/www/laravel8/Angular-Project-TDT-Music-2021/backend_api_web_nghe_nhac/vendor/laravel/framework/src/Illuminate/Database/Schema/Builder.php(365): Illuminate\\Database\\Schema\\Blueprint->build()
#4 /var/www/laravel8/Angular-Project-TDT-Music-2021/backend_api_web_nghe_nhac/vendor/laravel/framework/src/Illuminate/Database/Schema/Builder.php(228): Illuminate\\Database\\Schema\\Builder->build()
#5 /var/www/laravel8/Angular-Project-TDT-Music-2021/backend_api_web_nghe_nhac/vendor/laravel/framework/src/Illuminate/Support/Facades/Facade.php(261): Illuminate\\Database\\Schema\\Builder->create()
#6 /var/www/laravel8/Angular-Project-TDT-Music-2021/backend_api_web_nghe_nhac/database/migrations/2021_07_07_023555_create_songs_table.php(30): Illuminate\\Support\\Facades\\Facade::__callStatic()
#7 /var/www/laravel8/Angular-Project-TDT-Music-2021/backend_api_web_nghe_nhac/vendor/laravel/framework/src/Illuminate/Database/Migrations/Migrator.php(394): CreateSongsTable->up()
#8 /var/www/laravel8/Angular-Project-TDT-Music-2021/backend_api_web_nghe_nhac/vendor/laravel/framework/src/Illuminate/Database/Migrations/Migrator.php(403): Illuminate\\Database\\Migrations\\Migrator->Illuminate\\Database\\Migrations\\{closure}()
#9 /var/www/laravel8/Angular-Project-TDT-Music-2021/backend_api_web_nghe_nhac/vendor/laravel/framework/src/Illuminate/Database/Migrations/Migrator.php(202): Illuminate\\Database\\Migrations\\Migrator->runMigration()
#10 /var/www/laravel8/Angular-Project-TDT-Music-2021/backend_api_web_nghe_nhac/vendor/laravel/framework/src/Illuminate/Database/Migrations/Migrator.php(167): Illuminate\\Database\\Migrations\\Migrator->runUp()
#11 /var/www/laravel8/Angular-Project-TDT-Music-2021/backend_api_web_nghe_nhac/vendor/laravel/framework/src/Illuminate/Database/Migrations/Migrator.php(112): Illuminate\\Database\\Migrations\\Migrator->runPending()
#12 /var/www/laravel8/Angular-Project-TDT-Music-2021/backend_api_web_nghe_nhac/vendor/laravel/framework/src/Illuminate/Database/Console/Migrations/MigrateCommand.php(85): Illuminate\\Database\\Migrations\\Migrator->run()
#13 /var/www/laravel8/Angular-Project-TDT-Music-2021/backend_api_web_nghe_nhac/vendor/laravel/framework/src/Illuminate/Database/Migrations/Migrator.php(585): Illuminate\\Database\\Console\\Migrations\\MigrateCommand->Illuminate\\Database\\Console\\Migrations\\{closure}()
#14 /var/www/laravel8/Angular-Project-TDT-Music-2021/backend_api_web_nghe_nhac/vendor/laravel/framework/src/Illuminate/Database/Console/Migrations/MigrateCommand.php(94): Illuminate\\Database\\Migrations\\Migrator->usingConnection()
#15 /var/www/laravel8/Angular-Project-TDT-Music-2021/backend_api_web_nghe_nhac/vendor/laravel/framework/src/Illuminate/Container/BoundMethod.php(36): Illuminate\\Database\\Console\\Migrations\\MigrateCommand->handle()
#16 /var/www/laravel8/Angular-Project-TDT-Music-2021/backend_api_web_nghe_nhac/vendor/laravel/framework/src/Illuminate/Container/Util.php(40): Illuminate\\Container\\BoundMethod::Illuminate\\Container\\{closure}()
#17 /var/www/laravel8/Angular-Project-TDT-Music-2021/backend_api_web_nghe_nhac/vendor/laravel/framework/src/Illuminate/Container/BoundMethod.php(93): Illuminate\\Container\\Util::unwrapIfClosure()
#18 /var/www/laravel8/Angular-Project-TDT-Music-2021/backend_api_web_nghe_nhac/vendor/laravel/framework/src/Illuminate/Container/BoundMethod.php(37): Illuminate\\Container\\BoundMethod::callBoundMethod()
#19 /var/www/laravel8/Angular-Project-TDT-Music-2021/backend_api_web_nghe_nhac/vendor/laravel/framework/src/Illuminate/Container/Container.php(651): Illuminate\\Container\\BoundMethod::call()
#20 /var/www/laravel8/Angular-Project-TDT-Music-2021/backend_api_web_nghe_nhac/vendor/laravel/framework/src/Illuminate/Console/Command.php(136): Illuminate\\Container\\Container->call()
#21 /var/www/laravel8/Angular-Project-TDT-Music-2021/backend_api_web_nghe_nhac/vendor/symfony/console/Command/Command.php(299): Illuminate\\Console\\Command->execute()
#22 /var/www/laravel8/Angular-Project-TDT-Music-2021/backend_api_web_nghe_nhac/vendor/laravel/framework/src/Illuminate/Console/Command.php(121): Symfony\\Component\\Console\\Command\\Command->run()
#23 /var/www/laravel8/Angular-Project-TDT-Music-2021/backend_api_web_nghe_nhac/vendor/symfony/console/Application.php(978): Illuminate\\Console\\Command->run()
#24 /var/www/laravel8/Angular-Project-TDT-Music-2021/backend_api_web_nghe_nhac/vendor/symfony/console/Application.php(295): Symfony\\Component\\Console\\Application->doRunCommand()
#25 /var/www/laravel8/Angular-Project-TDT-Music-2021/backend_api_web_nghe_nhac/vendor/symfony/console/Application.php(167): Symfony\\Component\\Console\\Application->doRun()
#26 /var/www/laravel8/Angular-Project-TDT-Music-2021/backend_api_web_nghe_nhac/vendor/laravel/framework/src/Illuminate/Console/Application.php(92): Symfony\\Component\\Console\\Application->run()
#27 /var/www/laravel8/Angular-Project-TDT-Music-2021/backend_api_web_nghe_nhac/vendor/laravel/framework/src/Illuminate/Foundation/Console/Kernel.php(129): Illuminate\\Console\\Application->run()
#28 /var/www/laravel8/Angular-Project-TDT-Music-2021/backend_api_web_nghe_nhac/artisan(37): Illuminate\\Foundation\\Console\\Kernel->handle()
#29 {main}

[previous exception] [object] (PDOException(code: 42S01): SQLSTATE[42S01]: Base table or view already exists: 1050 Table 'songs' already exists at /var/www/laravel8/Angular-Project-TDT-Music-2021/backend_api_web_nghe_nhac/vendor/laravel/framework/src/Illuminate/Database/Connection.php:485)
[stacktrace]
#0 /var/www/laravel8/Angular-Project-TDT-Music-2021/backend_api_web_nghe_nhac/vendor/laravel/framework/src/Illuminate/Database/Connection.php(485): PDOStatement->execute()
#1 /var/www/laravel8/Angular-Project-TDT-Music-2021/backend_api_web_nghe_nhac/vendor/laravel/framework/src/Illuminate/Database/Connection.php(685): Illuminate\\Database\\Connection->Illuminate\\Database\\{closure}()
#2 /var/www/laravel8/Angular-Project-TDT-Music-2021/backend_api_web_nghe_nhac/vendor/laravel/framework/src/Illuminate/Database/Connection.php(652): Illuminate\\Database\\Connection->runQueryCallback()
#3 /var/www/laravel8/Angular-Project-TDT-Music-2021/backend_api_web_nghe_nhac/vendor/laravel/framework/src/Illuminate/Database/Connection.php(486): Illuminate\\Database\\Connection->run()
#4 /var/www/laravel8/Angular-Project-TDT-Music-2021/backend_api_web_nghe_nhac/vendor/laravel/framework/src/Illuminate/Database/Schema/Blueprint.php(109): Illuminate\\Database\\Connection->statement()
#5 /var/www/laravel8/Angular-Project-TDT-Music-2021/backend_api_web_nghe_nhac/vendor/laravel/framework/src/Illuminate/Database/Schema/Builder.php(365): Illuminate\\Database\\Schema\\Blueprint->build()
#6 /var/www/laravel8/Angular-Project-TDT-Music-2021/backend_api_web_nghe_nhac/vendor/laravel/framework/src/Illuminate/Database/Schema/Builder.php(228): Illuminate\\Database\\Schema\\Builder->build()
#7 /var/www/laravel8/Angular-Project-TDT-Music-2021/backend_api_web_nghe_nhac/vendor/laravel/framework/src/Illuminate/Support/Facades/Facade.php(261): Illuminate\\Database\\Schema\\Builder->create()
#8 /var/www/laravel8/Angular-Project-TDT-Music-2021/backend_api_web_nghe_nhac/database/migrations/2021_07_07_023555_create_songs_table.php(30): Illuminate\\Support\\Facades\\Facade::__callStatic()
#9 /var/www/laravel8/Angular-Project-TDT-Music-2021/backend_api_web_nghe_nhac/vendor/laravel/framework/src/Illuminate/Database/Migrations/Migrator.php(394): CreateSongsTable->up()
#10 /var/www/laravel8/Angular-Project-TDT-Music-2021/backend_api_web_nghe_nhac/vendor/laravel/framework/src/Illuminate/Database/Migrations/Migrator.php(403): Illuminate\\Database\\Migrations\\Migrator->Illuminate\\Database\\Migrations\\{closure}()
#11 /var/www/laravel8/Angular-Project-TDT-Music-2021/backend_api_web_nghe_nhac/vendor/laravel/framework/src/Illuminate/Database/Migrations/Migrator.php(202): Illuminate\\Database\\Migrations\\Migrator->runMigration()
#12 /var/www/laravel8/Angular-Project-TDT-Music-2021/backend_api_web_nghe_nhac/vendor/laravel/framework/src/Illuminate/Database/Migrations/Migrator.php(167): Illuminate\\Database\\Migrations\\Migrator->runUp()
#13 /var/www/laravel8/Angular-Project-TDT-Music-2021/backend_api_web_nghe_nhac/vendor/laravel/framework/src/Illuminate/Database/Migrations/Migrator.php(112): Illuminate\\Database\\Migrations\\Migrator->runPending()
#14 /var/www/laravel8/Angular-Project-TDT-Music-2021/backend_api_web_nghe_nhac/vendor/laravel/framework/src/Illuminate/Database/Console/Migrations/MigrateCommand.php(85): Illuminate\\Database\\Migrations\\Migrator->run()
#15 /var/www/laravel8/Angular-Project-TDT-Music-2021/backend_api_web_nghe_nhac/vendor/laravel/framework/src/Illuminate/Database/Migrations/Migrator.php(585): Illuminate\\Database\\Console\\Migrations\\MigrateCommand->Illuminate\\Database\\Console\\Migrations\\{closure}()
#16 /var/www/laravel8/Angular-Project-TDT-Music-2021/backend_api_web_nghe_nhac/vendor/laravel/framework/src/Illuminate/Database/Console/Migrations/MigrateCommand.php(94): Illuminate\\Database\\Migrations\\Migrator->usingConnection()
#17 /var/www/laravel8/Angular-Project-TDT-Music-2021/backend_api_web_nghe_nhac/vendor/laravel/framework/src/Illuminate/Container/BoundMethod.php(36): Illuminate\\Database\\Console\\Migrations\\MigrateCommand->handle()
#18 /var/www/laravel8/Angular-Project-TDT-Music-2021/backend_api_web_nghe_nhac/vendor/laravel/framework/src/Illuminate/Container/Util.php(40): Illuminate\\Container\\BoundMethod::Illuminate\\Container\\{closure}()
#19 /var/www/laravel8/Angular-Project-TDT-Music-2021/backend_api_web_nghe_nhac/vendor/laravel/framework/src/Illuminate/Container/BoundMethod.php(93): Illuminate\\Container\\Util::unwrapIfClosure()
#20 /var/www/laravel8/Angular-Project-TDT-Music-2021/backend_api_web_nghe_nhac/vendor/laravel/framework/src/Illuminate/Container/BoundMethod.php(37): Illuminate\\Container\\BoundMethod::callBoundMethod()
#21 /var/www/laravel8/Angular-Project-TDT-Music-2021/backend_api_web_nghe_nhac/vendor/laravel/framework/src/Illuminate/Container/Container.php(651): Illuminate\\Container\\BoundMethod::call()
#22 /var/www/laravel8/Angular-Project-TDT-Music-2021/backend_api_web_nghe_nhac/vendor/laravel/framework/src/Illuminate/Console/Command.php(136): Illuminate\\Container\\Container->call()
#23 /var/www/laravel8/Angular-Project-TDT-Music-2021/backend_api_web_nghe_nhac/vendor/symfony/console/Command/Command.php(299): Illuminate\\Console\\Command->execute()
#24 /var/www/laravel8/Angular-Project-TDT-Music-2021/backend_api_web_nghe_nhac/vendor/laravel/framework/src/Illuminate/Console/Command.php(121): Symfony\\Component\\Console\\Command\\Command->run()
#25 /var/www/laravel8/Angular-Project-TDT-Music-2021/backend_api_web_nghe_nhac/vendor/symfony/console/Application.php(978): Illuminate\\Console\\Command->run()
#26 /var/www/laravel8/Angular-Project-TDT-Music-2021/backend_api_web_nghe_nhac/vendor/symfony/console/Application.php(295): Symfony\\Component\\Console\\Application->doRunCommand()
#27 /var/www/laravel8/Angular-Project-TDT-Music-2021/backend_api_web_nghe_nhac/vendor/symfony/console/Application.php(167): Symfony\\Component\\Console\\Application->doRun()
#28 /var/www/laravel8/Angular-Project-TDT-Music-2021/backend_api_web_nghe_nhac/vendor/laravel/framework/src/Illuminate/Console/Application.php(92): Symfony\\Component\\Console\\Application->run()
#29 /var/www/laravel8/Angular-Project-TDT-Music-2021/backend_api_web_nghe_nhac/vendor/laravel/framework/src/Illuminate/Foundation/Console/Kernel.php(129): Illuminate\\Console\\Application->run()
#30 /var/www/laravel8/Angular-Project-TDT-Music-2021/backend_api_web_nghe_nhac/artisan(37): Illuminate\\Foundation\\Console\\Kernel->handle()
#31 {main}
"} 
[2021-07-07 07:18:07] local.ERROR: No application encryption key has been specified. {"exception":"[object] (Illuminate\\Encryption\\MissingAppKeyException(code: 0): No application encryption key has been specified. at /var/www/laravel8/Angular-Project-TDT-Music-2021/backend_api_web_nghe_nhac/vendor/laravel/framework/src/Illuminate/Encryption/EncryptionServiceProvider.php:79)
[stacktrace]
#0 /var/www/laravel8/Angular-Project-TDT-Music-2021/backend_api_web_nghe_nhac/vendor/laravel/framework/src/Illuminate/Support/helpers.php(263): Illuminate\\Encryption\\EncryptionServiceProvider->Illuminate\\Encryption\\{closure}()
#1 /var/www/laravel8/Angular-Project-TDT-Music-2021/backend_api_web_nghe_nhac/vendor/laravel/framework/src/Illuminate/Encryption/EncryptionServiceProvider.php(81): tap()
#2 /var/www/laravel8/Angular-Project-TDT-Music-2021/backend_api_web_nghe_nhac/vendor/laravel/framework/src/Illuminate/Encryption/EncryptionServiceProvider.php(60): Illuminate\\Encryption\\EncryptionServiceProvider->key()
#3 /var/www/laravel8/Angular-Project-TDT-Music-2021/backend_api_web_nghe_nhac/vendor/laravel/framework/src/Illuminate/Encryption/EncryptionServiceProvider.php(32): Illuminate\\Encryption\\EncryptionServiceProvider->parseKey()
#4 /var/www/laravel8/Angular-Project-TDT-Music-2021/backend_api_web_nghe_nhac/vendor/laravel/framework/src/Illuminate/Container/Container.php(869): Illuminate\\Encryption\\EncryptionServiceProvider->Illuminate\\Encryption\\{closure}()
#5 /var/www/laravel8/Angular-Project-TDT-Music-2021/backend_api_web_nghe_nhac/vendor/laravel/framework/src/Illuminate/Container/Container.php(754): Illuminate\\Container\\Container->build()
#6 /var/www/laravel8/Angular-Project-TDT-Music-2021/backend_api_web_nghe_nhac/vendor/laravel/framework/src/Illuminate/Foundation/Application.php(841): Illuminate\\Container\\Container->resolve()
#7 /var/www/laravel8/Angular-Project-TDT-Music-2021/backend_api_web_nghe_nhac/vendor/laravel/framework/src/Illuminate/Container/Container.php(692): Illuminate\\Foundation\\Application->resolve()
#8 /var/www/laravel8/Angular-Project-TDT-Music-2021/backend_api_web_nghe_nhac/vendor/laravel/framework/src/Illuminate/Foundation/Application.php(826): Illuminate\\Container\\Container->make()
#9 /var/www/laravel8/Angular-Project-TDT-Music-2021/backend_api_web_nghe_nhac/vendor/laravel/framework/src/Illuminate/Container/Container.php(1027): Illuminate\\Foundation\\Application->make()
#10 /var/www/laravel8/Angular-Project-TDT-Music-2021/backend_api_web_nghe_nhac/vendor/laravel/framework/src/Illuminate/Container/Container.php(947): Illuminate\\Container\\Container->resolveClass()
#11 /var/www/laravel8/Angular-Project-TDT-Music-2021/backend_api_web_nghe_nhac/vendor/laravel/framework/src/Illuminate/Container/Container.php(908): Illuminate\\Container\\Container->resolveDependencies()
#12 /var/www/laravel8/Angular-Project-TDT-Music-2021/backend_api_web_nghe_nhac/vendor/laravel/framework/src/Illuminate/Container/Container.php(754): Illuminate\\Container\\Container->build()
#13 /var/www/laravel8/Angular-Project-TDT-Music-2021/backend_api_web_nghe_nhac/vendor/laravel/framework/src/Illuminate/Foundation/Application.php(841): Illuminate\\Container\\Container->resolve()
#14 /var/www/laravel8/Angular-Project-TDT-Music-2021/backend_api_web_nghe_nhac/vendor/laravel/framework/src/Illuminate/Container/Container.php(692): Illuminate\\Foundation\\Application->resolve()
#15 /var/www/laravel8/Angular-Project-TDT-Music-2021/backend_api_web_nghe_nhac/vendor/laravel/framework/src/Illuminate/Foundation/Application.php(826): Illuminate\\Container\\Container->make()
#16 /var/www/laravel8/Angular-Project-TDT-Music-2021/backend_api_web_nghe_nhac/vendor/laravel/framework/src/Illuminate/Pipeline/Pipeline.php(156): Illuminate\\Foundation\\Application->make()
#17 /var/www/laravel8/Angular-Project-TDT-Music-2021/backend_api_web_nghe_nhac/vendor/laravel/framework/src/Illuminate/Pipeline/Pipeline.php(103): Illuminate\\Pipeline\\Pipeline->Illuminate\\Pipeline\\{closure}()
#18 /var/www/laravel8/Angular-Project-TDT-Music-2021/backend_api_web_nghe_nhac/vendor/laravel/framework/src/Illuminate/Routing/Router.php(697): Illuminate\\Pipeline\\Pipeline->then()
#19 /var/www/laravel8/Angular-Project-TDT-Music-2021/backend_api_web_nghe_nhac/vendor/laravel/framework/src/Illuminate/Routing/Router.php(672): Illuminate\\Routing\\Router->runRouteWithinStack()
#20 /var/www/laravel8/Angular-Project-TDT-Music-2021/backend_api_web_nghe_nhac/vendor/laravel/framework/src/Illuminate/Routing/Router.php(636): Illuminate\\Routing\\Router->runRoute()
#21 /var/www/laravel8/Angular-Project-TDT-Music-2021/backend_api_web_nghe_nhac/vendor/laravel/framework/src/Illuminate/Routing/Router.php(625): Illuminate\\Routing\\Router->dispatchToRoute()
#22 /var/www/laravel8/Angular-Project-TDT-Music-2021/backend_api_web_nghe_nhac/vendor/laravel/framework/src/Illuminate/Foundation/Http/Kernel.php(166): Illuminate\\Routing\\Router->dispatch()
#23 /var/www/laravel8/Angular-Project-TDT-Music-2021/backend_api_web_nghe_nhac/vendor/laravel/framework/src/Illuminate/Pipeline/Pipeline.php(128): Illuminate\\Foundation\\Http\\Kernel->Illuminate\\Foundation\\Http\\{closure}()
#24 /var/www/laravel8/Angular-Project-TDT-Music-2021/backend_api_web_nghe_nhac/vendor/laravel/framework/src/Illuminate/Foundation/Http/Middleware/TransformsRequest.php(21): Illuminate\\Pipeline\\Pipeline->Illuminate\\Pipeline\\{closure}()
#25 /var/www/laravel8/Angular-Project-TDT-Music-2021/backend_api_web_nghe_nhac/vendor/laravel/framework/src/Illuminate/Foundation/Http/Middleware/ConvertEmptyStringsToNull.php(31): Illuminate\\Foundation\\Http\\Middleware\\TransformsRequest->handle()
#26 /var/www/laravel8/Angular-Project-TDT-Music-2021/backend_api_web_nghe_nhac/vendor/laravel/framework/src/Illuminate/Pipeline/Pipeline.php(167): Illuminate\\Foundation\\Http\\Middleware\\ConvertEmptyStringsToNull->handle()
#27 /var/www/laravel8/Angular-Project-TDT-Music-2021/backend_api_web_nghe_nhac/vendor/laravel/framework/src/Illuminate/Foundation/Http/Middleware/TransformsRequest.php(21): Illuminate\\Pipeline\\Pipeline->Illuminate\\Pipeline\\{closure}()
#28 /var/www/laravel8/Angular-Project-TDT-Music-2021/backend_api_web_nghe_nhac/vendor/laravel/framework/src/Illuminate/Foundation/Http/Middleware/TrimStrings.php(40): Illuminate\\Foundation\\Http\\Middleware\\TransformsRequest->handle()
#29 /var/www/laravel8/Angular-Project-TDT-Music-2021/backend_api_web_nghe_nhac/vendor/laravel/framework/src/Illuminate/Pipeline/Pipeline.php(167): Illuminate\\Foundation\\Http\\Middleware\\TrimStrings->handle()
#30 /var/www/laravel8/Angular-Project-TDT-Music-2021/backend_api_web_nghe_nhac/vendor/laravel/framework/src/Illuminate/Foundation/Http/Middleware/ValidatePostSize.php(27): Illuminate\\Pipeline\\Pipeline->Illuminate\\Pipeline\\{closure}()
#31 /var/www/laravel8/Angular-Project-TDT-Music-2021/backend_api_web_nghe_nhac/vendor/laravel/framework/src/Illuminate/Pipeline/Pipeline.php(167): Illuminate\\Foundation\\Http\\Middleware\\ValidatePostSize->handle()
#32 /var/www/laravel8/Angular-Project-TDT-Music-2021/backend_api_web_nghe_nhac/vendor/laravel/framework/src/Illuminate/Foundation/Http/Middleware/PreventRequestsDuringMaintenance.php(86): Illuminate\\Pipeline\\Pipeline->Illuminate\\Pipeline\\{closure}()
#33 /var/www/laravel8/Angular-Project-TDT-Music-2021/backend_api_web_nghe_nhac/vendor/laravel/framework/src/Illuminate/Pipeline/Pipeline.php(167): Illuminate\\Foundation\\Http\\Middleware\\PreventRequestsDuringMaintenance->handle()
#34 /var/www/laravel8/Angular-Project-TDT-Music-2021/backend_api_web_nghe_nhac/vendor/fruitcake/laravel-cors/src/HandleCors.php(38): Illuminate\\Pipeline\\Pipeline->Illuminate\\Pipeline\\{closure}()
#35 /var/www/laravel8/Angular-Project-TDT-Music-2021/backend_api_web_nghe_nhac/vendor/laravel/framework/src/Illuminate/Pipeline/Pipeline.php(167): Fruitcake\\Cors\\HandleCors->handle()
#36 /var/www/laravel8/Angular-Project-TDT-Music-2021/backend_api_web_nghe_nhac/vendor/fideloper/proxy/src/TrustProxies.php(57): Illuminate\\Pipeline\\Pipeline->Illuminate\\Pipeline\\{closure}()
#37 /var/www/laravel8/Angular-Project-TDT-Music-2021/backend_api_web_nghe_nhac/vendor/laravel/framework/src/Illuminate/Pipeline/Pipeline.php(167): Fideloper\\Proxy\\TrustProxies->handle()
#38 /var/www/laravel8/Angular-Project-TDT-Music-2021/backend_api_web_nghe_nhac/vendor/laravel/framework/src/Illuminate/Pipeline/Pipeline.php(103): Illuminate\\Pipeline\\Pipeline->Illuminate\\Pipeline\\{closure}()
#39 /var/www/laravel8/Angular-Project-TDT-Music-2021/backend_api_web_nghe_nhac/vendor/laravel/framework/src/Illuminate/Foundation/Http/Kernel.php(141): Illuminate\\Pipeline\\Pipeline->then()
#40 /var/www/laravel8/Angular-Project-TDT-Music-2021/backend_api_web_nghe_nhac/vendor/laravel/framework/src/Illuminate/Foundation/Http/Kernel.php(110): Illuminate\\Foundation\\Http\\Kernel->sendRequestThroughRouter()
#41 /var/www/laravel8/Angular-Project-TDT-Music-2021/backend_api_web_nghe_nhac/public/index.php(52): Illuminate\\Foundation\\Http\\Kernel->handle()
#42 /var/www/laravel8/Angular-Project-TDT-Music-2021/backend_api_web_nghe_nhac/server.php(21): require_once('...')
#43 {main}
"} 
[2021-07-07 07:18:07] local.ERROR: No application encryption key has been specified. {"exception":"[object] (Illuminate\\Encryption\\MissingAppKeyException(code: 0): No application encryption key has been specified. at /var/www/laravel8/Angular-Project-TDT-Music-2021/backend_api_web_nghe_nhac/vendor/laravel/framework/src/Illuminate/Encryption/EncryptionServiceProvider.php:79)
[stacktrace]
#0 /var/www/laravel8/Angular-Project-TDT-Music-2021/backend_api_web_nghe_nhac/vendor/laravel/framework/src/Illuminate/Support/helpers.php(263): Illuminate\\Encryption\\EncryptionServiceProvider->Illuminate\\Encryption\\{closure}()
#1 /var/www/laravel8/Angular-Project-TDT-Music-2021/backend_api_web_nghe_nhac/vendor/laravel/framework/src/Illuminate/Encryption/EncryptionServiceProvider.php(81): tap()
#2 /var/www/laravel8/Angular-Project-TDT-Music-2021/backend_api_web_nghe_nhac/vendor/laravel/framework/src/Illuminate/Encryption/EncryptionServiceProvider.php(60): Illuminate\\Encryption\\EncryptionServiceProvider->key()
#3 /var/www/laravel8/Angular-Project-TDT-Music-2021/backend_api_web_nghe_nhac/vendor/laravel/framework/src/Illuminate/Encryption/EncryptionServiceProvider.php(32): Illuminate\\Encryption\\EncryptionServiceProvider->parseKey()
#4 /var/www/laravel8/Angular-Project-TDT-Music-2021/backend_api_web_nghe_nhac/vendor/laravel/framework/src/Illuminate/Container/Container.php(869): Illuminate\\Encryption\\EncryptionServiceProvider->Illuminate\\Encryption\\{closure}()
#5 /var/www/laravel8/Angular-Project-TDT-Music-2021/backend_api_web_nghe_nhac/vendor/laravel/framework/src/Illuminate/Container/Container.php(754): Illuminate\\Container\\Container->build()
#6 /var/www/laravel8/Angular-Project-TDT-Music-2021/backend_api_web_nghe_nhac/vendor/laravel/framework/src/Illuminate/Foundation/Application.php(841): Illuminate\\Container\\Container->resolve()
#7 /var/www/laravel8/Angular-Project-TDT-Music-2021/backend_api_web_nghe_nhac/vendor/laravel/framework/src/Illuminate/Container/Container.php(692): Illuminate\\Foundation\\Application->resolve()
#8 /var/www/laravel8/Angular-Project-TDT-Music-2021/backend_api_web_nghe_nhac/vendor/laravel/framework/src/Illuminate/Foundation/Application.php(826): Illuminate\\Container\\Container->make()
#9 /var/www/laravel8/Angular-Project-TDT-Music-2021/backend_api_web_nghe_nhac/vendor/laravel/framework/src/Illuminate/Container/Container.php(1027): Illuminate\\Foundation\\Application->make()
#10 /var/www/laravel8/Angular-Project-TDT-Music-2021/backend_api_web_nghe_nhac/vendor/laravel/framework/src/Illuminate/Container/Container.php(947): Illuminate\\Container\\Container->resolveClass()
#11 /var/www/laravel8/Angular-Project-TDT-Music-2021/backend_api_web_nghe_nhac/vendor/laravel/framework/src/Illuminate/Container/Container.php(908): Illuminate\\Container\\Container->resolveDependencies()
#12 /var/www/laravel8/Angular-Project-TDT-Music-2021/backend_api_web_nghe_nhac/vendor/laravel/framework/src/Illuminate/Container/Container.php(754): Illuminate\\Container\\Container->build()
#13 /var/www/laravel8/Angular-Project-TDT-Music-2021/backend_api_web_nghe_nhac/vendor/laravel/framework/src/Illuminate/Foundation/Application.php(841): Illuminate\\Container\\Container->resolve()
#14 /var/www/laravel8/Angular-Project-TDT-Music-2021/backend_api_web_nghe_nhac/vendor/laravel/framework/src/Illuminate/Container/Container.php(692): Illuminate\\Foundation\\Application->resolve()
#15 /var/www/laravel8/Angular-Project-TDT-Music-2021/backend_api_web_nghe_nhac/vendor/laravel/framework/src/Illuminate/Foundation/Application.php(826): Illuminate\\Container\\Container->make()
#16 /var/www/laravel8/Angular-Project-TDT-Music-2021/backend_api_web_nghe_nhac/vendor/laravel/framework/src/Illuminate/Foundation/Http/Kernel.php(205): Illuminate\\Foundation\\Application->make()
#17 /var/www/laravel8/Angular-Project-TDT-Music-2021/backend_api_web_nghe_nhac/vendor/laravel/framework/src/Illuminate/Foundation/Http/Kernel.php(179): Illuminate\\Foundation\\Http\\Kernel->terminateMiddleware()
#18 /var/www/laravel8/Angular-Project-TDT-Music-2021/backend_api_web_nghe_nhac/public/index.php(55): Illuminate\\Foundation\\Http\\Kernel->terminate()
#19 /var/www/laravel8/Angular-Project-TDT-Music-2021/backend_api_web_nghe_nhac/server.php(21): require_once('...')
#20 {main}
"} 
